ARM GAS  C:\Users\yurao\AppData\Local\Temp\cc9jpOVl.s 			page 1


   1              		.syntax unified
   2              		.cpu cortex-m3
   3              		.fpu softvfp
   4              		.eabi_attribute 20, 1
   5              		.eabi_attribute 21, 1
   6              		.eabi_attribute 23, 3
   7              		.eabi_attribute 24, 1
   8              		.eabi_attribute 25, 1
   9              		.eabi_attribute 26, 1
  10              		.eabi_attribute 30, 1
  11              		.eabi_attribute 34, 1
  12              		.eabi_attribute 18, 4
  13              		.thumb
  14              		.syntax unified
  15              		.file	"main.c"
  16              		.text
  17              	.Ltext0:
  18              		.cfi_sections	.debug_frame
  19              		.section	.text.main,"ax",%progbits
  20              		.align	2
  21              		.global	main
  22              		.thumb
  23              		.thumb_func
  24              		.type	main, %function
  25              	main:
  26              	.LFB63:
  27              		.file 1 "main.c"
   1:main.c        **** /* ========================================
   2:main.c        ****  *
   3:main.c        ****  * Copyright YOUR COMPANY, THE YEAR
   4:main.c        ****  * All Rights Reserved
   5:main.c        ****  * UNPUBLISHED, LICENSED SOFTWARE.
   6:main.c        ****  *
   7:main.c        ****  * CONFIDENTIAL AND PROPRIETARY INFORMATION
   8:main.c        ****  * WHICH IS THE PROPERTY OF your company.
   9:main.c        ****  *
  10:main.c        ****  * ========================================
  11:main.c        **** */
  12:main.c        **** #include "project.h"
  13:main.c        **** 
  14:main.c        **** int main(void)
  15:main.c        **** {
  28              		.loc 1 15 0
  29              		.cfi_startproc
  30              		@ args = 0, pretend = 0, frame = 0
  31              		@ frame_needed = 0, uses_anonymous_args = 0
  32 0000 08B5     		push	{r3, lr}
  33              		.cfi_def_cfa_offset 8
  34              		.cfi_offset 3, -8
  35              		.cfi_offset 14, -4
  36              	.L2:
  16:main.c        ****     uint32_t svitlo = 20U;
  17:main.c        ****     uint32_t period = 200U;
  18:main.c        ****     for(;;)
  19:main.c        ****     {
  20:main.c        ****         Pin_1_Write(1U);
  37              		.loc 1 20 0 discriminator 1
ARM GAS  C:\Users\yurao\AppData\Local\Temp\cc9jpOVl.s 			page 2


  38 0002 0120     		movs	r0, #1
  39 0004 FFF7FEFF 		bl	Pin_1_Write
  40              	.LVL0:
  21:main.c        ****         CyDelay(svitlo);
  41              		.loc 1 21 0 discriminator 1
  42 0008 1420     		movs	r0, #20
  43 000a FFF7FEFF 		bl	CyDelay
  44              	.LVL1:
  22:main.c        ****         Pin_1_Write(0U);
  45              		.loc 1 22 0 discriminator 1
  46 000e 0020     		movs	r0, #0
  47 0010 FFF7FEFF 		bl	Pin_1_Write
  48              	.LVL2:
  23:main.c        ****         CyDelay(period - svitlo);
  49              		.loc 1 23 0 discriminator 1
  50 0014 B420     		movs	r0, #180
  51 0016 FFF7FEFF 		bl	CyDelay
  52              	.LVL3:
  53 001a F2E7     		b	.L2
  54              		.cfi_endproc
  55              	.LFE63:
  56              		.size	main, .-main
  57              		.text
  58              	.Letext0:
  59              		.file 2 "f:\\psoccreatorsetup\\psoc creator\\4.4\\psoc creator\\import\\gnu\\arm\\5.4.1\\arm-none-
  60              		.file 3 "f:\\psoccreatorsetup\\psoc creator\\4.4\\psoc creator\\import\\gnu\\arm\\5.4.1\\arm-none-
  61              		.file 4 "Generated_Source\\PSoC5/Pin_1.h"
  62              		.file 5 "Generated_Source\\PSoC5/CyLib.h"
  63              		.file 6 "Generated_Source\\PSoC5/core_cm3.h"
  64              		.section	.debug_info,"",%progbits
  65              	.Ldebug_info0:
  66 0000 57010000 		.4byte	0x157
  67 0004 0400     		.2byte	0x4
  68 0006 00000000 		.4byte	.Ldebug_abbrev0
  69 000a 04       		.byte	0x4
  70 000b 01       		.uleb128 0x1
  71 000c 47000000 		.4byte	.LASF22
  72 0010 0C       		.byte	0xc
  73 0011 35000000 		.4byte	.LASF23
  74 0015 37010000 		.4byte	.LASF24
  75 0019 00000000 		.4byte	.Ldebug_ranges0+0
  76 001d 00000000 		.4byte	0
  77 0021 00000000 		.4byte	.Ldebug_line0
  78 0025 02       		.uleb128 0x2
  79 0026 01       		.byte	0x1
  80 0027 06       		.byte	0x6
  81 0028 73010000 		.4byte	.LASF0
  82 002c 02       		.uleb128 0x2
  83 002d 01       		.byte	0x1
  84 002e 08       		.byte	0x8
  85 002f 06010000 		.4byte	.LASF1
  86 0033 02       		.uleb128 0x2
  87 0034 02       		.byte	0x2
  88 0035 05       		.byte	0x5
  89 0036 A0010000 		.4byte	.LASF2
  90 003a 02       		.uleb128 0x2
  91 003b 02       		.byte	0x2
ARM GAS  C:\Users\yurao\AppData\Local\Temp\cc9jpOVl.s 			page 3


  92 003c 07       		.byte	0x7
  93 003d 0E000000 		.4byte	.LASF3
  94 0041 03       		.uleb128 0x3
  95 0042 8B010000 		.4byte	.LASF5
  96 0046 02       		.byte	0x2
  97 0047 3F       		.byte	0x3f
  98 0048 4C000000 		.4byte	0x4c
  99 004c 02       		.uleb128 0x2
 100 004d 04       		.byte	0x4
 101 004e 05       		.byte	0x5
 102 004f 2E010000 		.4byte	.LASF4
 103 0053 03       		.uleb128 0x3
 104 0054 3C000000 		.4byte	.LASF6
 105 0058 02       		.byte	0x2
 106 0059 41       		.byte	0x41
 107 005a 5E000000 		.4byte	0x5e
 108 005e 02       		.uleb128 0x2
 109 005f 04       		.byte	0x4
 110 0060 07       		.byte	0x7
 111 0061 DD000000 		.4byte	.LASF7
 112 0065 02       		.uleb128 0x2
 113 0066 08       		.byte	0x8
 114 0067 05       		.byte	0x5
 115 0068 00000000 		.4byte	.LASF8
 116 006c 02       		.uleb128 0x2
 117 006d 08       		.byte	0x8
 118 006e 07       		.byte	0x7
 119 006f EF000000 		.4byte	.LASF9
 120 0073 04       		.uleb128 0x4
 121 0074 04       		.byte	0x4
 122 0075 05       		.byte	0x5
 123 0076 696E7400 		.ascii	"int\000"
 124 007a 02       		.uleb128 0x2
 125 007b 04       		.byte	0x4
 126 007c 07       		.byte	0x7
 127 007d 21000000 		.4byte	.LASF10
 128 0081 03       		.uleb128 0x3
 129 0082 AA010000 		.4byte	.LASF11
 130 0086 03       		.byte	0x3
 131 0087 2C       		.byte	0x2c
 132 0088 41000000 		.4byte	0x41
 133 008c 03       		.uleb128 0x3
 134 008d 25010000 		.4byte	.LASF12
 135 0091 03       		.byte	0x3
 136 0092 30       		.byte	0x30
 137 0093 53000000 		.4byte	0x53
 138 0097 02       		.uleb128 0x2
 139 0098 04       		.byte	0x4
 140 0099 04       		.byte	0x4
 141 009a 9A010000 		.4byte	.LASF13
 142 009e 02       		.uleb128 0x2
 143 009f 08       		.byte	0x8
 144 00a0 04       		.byte	0x4
 145 00a1 5F010000 		.4byte	.LASF14
 146 00a5 02       		.uleb128 0x2
 147 00a6 01       		.byte	0x1
 148 00a7 08       		.byte	0x8
ARM GAS  C:\Users\yurao\AppData\Local\Temp\cc9jpOVl.s 			page 4


 149 00a8 20010000 		.4byte	.LASF15
 150 00ac 02       		.uleb128 0x2
 151 00ad 04       		.byte	0x4
 152 00ae 07       		.byte	0x7
 153 00af B9010000 		.4byte	.LASF16
 154 00b3 02       		.uleb128 0x2
 155 00b4 08       		.byte	0x8
 156 00b5 04       		.byte	0x4
 157 00b6 7F010000 		.4byte	.LASF17
 158 00ba 05       		.uleb128 0x5
 159 00bb 95010000 		.4byte	.LASF25
 160 00bf 01       		.byte	0x1
 161 00c0 0E       		.byte	0xe
 162 00c1 73000000 		.4byte	0x73
 163 00c5 00000000 		.4byte	.LFB63
 164 00c9 1C000000 		.4byte	.LFE63-.LFB63
 165 00cd 01       		.uleb128 0x1
 166 00ce 9C       		.byte	0x9c
 167 00cf 33010000 		.4byte	0x133
 168 00d3 06       		.uleb128 0x6
 169 00d4 2E000000 		.4byte	.LASF18
 170 00d8 01       		.byte	0x1
 171 00d9 10       		.byte	0x10
 172 00da 8C000000 		.4byte	0x8c
 173 00de 06       		.uleb128 0x6
 174 00df B2010000 		.4byte	.LASF19
 175 00e3 01       		.byte	0x1
 176 00e4 11       		.byte	0x11
 177 00e5 8C000000 		.4byte	0x8c
 178 00e9 07       		.uleb128 0x7
 179 00ea 08000000 		.4byte	.LVL0
 180 00ee 44010000 		.4byte	0x144
 181 00f2 FC000000 		.4byte	0xfc
 182 00f6 08       		.uleb128 0x8
 183 00f7 01       		.uleb128 0x1
 184 00f8 50       		.byte	0x50
 185 00f9 01       		.uleb128 0x1
 186 00fa 31       		.byte	0x31
 187 00fb 00       		.byte	0
 188 00fc 07       		.uleb128 0x7
 189 00fd 0E000000 		.4byte	.LVL1
 190 0101 4F010000 		.4byte	0x14f
 191 0105 0F010000 		.4byte	0x10f
 192 0109 08       		.uleb128 0x8
 193 010a 01       		.uleb128 0x1
 194 010b 50       		.byte	0x50
 195 010c 01       		.uleb128 0x1
 196 010d 44       		.byte	0x44
 197 010e 00       		.byte	0
 198 010f 07       		.uleb128 0x7
 199 0110 14000000 		.4byte	.LVL2
 200 0114 44010000 		.4byte	0x144
 201 0118 22010000 		.4byte	0x122
 202 011c 08       		.uleb128 0x8
 203 011d 01       		.uleb128 0x1
 204 011e 50       		.byte	0x50
 205 011f 01       		.uleb128 0x1
ARM GAS  C:\Users\yurao\AppData\Local\Temp\cc9jpOVl.s 			page 5


 206 0120 30       		.byte	0x30
 207 0121 00       		.byte	0
 208 0122 09       		.uleb128 0x9
 209 0123 1A000000 		.4byte	.LVL3
 210 0127 4F010000 		.4byte	0x14f
 211 012b 08       		.uleb128 0x8
 212 012c 01       		.uleb128 0x1
 213 012d 50       		.byte	0x50
 214 012e 02       		.uleb128 0x2
 215 012f 08       		.byte	0x8
 216 0130 B4       		.byte	0xb4
 217 0131 00       		.byte	0
 218 0132 00       		.byte	0
 219 0133 0A       		.uleb128 0xa
 220 0134 66010000 		.4byte	.LASF26
 221 0138 06       		.byte	0x6
 222 0139 1207     		.2byte	0x712
 223 013b 3F010000 		.4byte	0x13f
 224 013f 0B       		.uleb128 0xb
 225 0140 81000000 		.4byte	0x81
 226 0144 0C       		.uleb128 0xc
 227 0145 14010000 		.4byte	.LASF20
 228 0149 14010000 		.4byte	.LASF20
 229 014d 04       		.byte	0x4
 230 014e 26       		.byte	0x26
 231 014f 0C       		.uleb128 0xc
 232 0150 D5000000 		.4byte	.LASF21
 233 0154 D5000000 		.4byte	.LASF21
 234 0158 05       		.byte	0x5
 235 0159 76       		.byte	0x76
 236 015a 00       		.byte	0
 237              		.section	.debug_abbrev,"",%progbits
 238              	.Ldebug_abbrev0:
 239 0000 01       		.uleb128 0x1
 240 0001 11       		.uleb128 0x11
 241 0002 01       		.byte	0x1
 242 0003 25       		.uleb128 0x25
 243 0004 0E       		.uleb128 0xe
 244 0005 13       		.uleb128 0x13
 245 0006 0B       		.uleb128 0xb
 246 0007 03       		.uleb128 0x3
 247 0008 0E       		.uleb128 0xe
 248 0009 1B       		.uleb128 0x1b
 249 000a 0E       		.uleb128 0xe
 250 000b 55       		.uleb128 0x55
 251 000c 17       		.uleb128 0x17
 252 000d 11       		.uleb128 0x11
 253 000e 01       		.uleb128 0x1
 254 000f 10       		.uleb128 0x10
 255 0010 17       		.uleb128 0x17
 256 0011 00       		.byte	0
 257 0012 00       		.byte	0
 258 0013 02       		.uleb128 0x2
 259 0014 24       		.uleb128 0x24
 260 0015 00       		.byte	0
 261 0016 0B       		.uleb128 0xb
 262 0017 0B       		.uleb128 0xb
ARM GAS  C:\Users\yurao\AppData\Local\Temp\cc9jpOVl.s 			page 6


 263 0018 3E       		.uleb128 0x3e
 264 0019 0B       		.uleb128 0xb
 265 001a 03       		.uleb128 0x3
 266 001b 0E       		.uleb128 0xe
 267 001c 00       		.byte	0
 268 001d 00       		.byte	0
 269 001e 03       		.uleb128 0x3
 270 001f 16       		.uleb128 0x16
 271 0020 00       		.byte	0
 272 0021 03       		.uleb128 0x3
 273 0022 0E       		.uleb128 0xe
 274 0023 3A       		.uleb128 0x3a
 275 0024 0B       		.uleb128 0xb
 276 0025 3B       		.uleb128 0x3b
 277 0026 0B       		.uleb128 0xb
 278 0027 49       		.uleb128 0x49
 279 0028 13       		.uleb128 0x13
 280 0029 00       		.byte	0
 281 002a 00       		.byte	0
 282 002b 04       		.uleb128 0x4
 283 002c 24       		.uleb128 0x24
 284 002d 00       		.byte	0
 285 002e 0B       		.uleb128 0xb
 286 002f 0B       		.uleb128 0xb
 287 0030 3E       		.uleb128 0x3e
 288 0031 0B       		.uleb128 0xb
 289 0032 03       		.uleb128 0x3
 290 0033 08       		.uleb128 0x8
 291 0034 00       		.byte	0
 292 0035 00       		.byte	0
 293 0036 05       		.uleb128 0x5
 294 0037 2E       		.uleb128 0x2e
 295 0038 01       		.byte	0x1
 296 0039 3F       		.uleb128 0x3f
 297 003a 19       		.uleb128 0x19
 298 003b 03       		.uleb128 0x3
 299 003c 0E       		.uleb128 0xe
 300 003d 3A       		.uleb128 0x3a
 301 003e 0B       		.uleb128 0xb
 302 003f 3B       		.uleb128 0x3b
 303 0040 0B       		.uleb128 0xb
 304 0041 27       		.uleb128 0x27
 305 0042 19       		.uleb128 0x19
 306 0043 49       		.uleb128 0x49
 307 0044 13       		.uleb128 0x13
 308 0045 8701     		.uleb128 0x87
 309 0047 19       		.uleb128 0x19
 310 0048 11       		.uleb128 0x11
 311 0049 01       		.uleb128 0x1
 312 004a 12       		.uleb128 0x12
 313 004b 06       		.uleb128 0x6
 314 004c 40       		.uleb128 0x40
 315 004d 18       		.uleb128 0x18
 316 004e 9742     		.uleb128 0x2117
 317 0050 19       		.uleb128 0x19
 318 0051 01       		.uleb128 0x1
 319 0052 13       		.uleb128 0x13
ARM GAS  C:\Users\yurao\AppData\Local\Temp\cc9jpOVl.s 			page 7


 320 0053 00       		.byte	0
 321 0054 00       		.byte	0
 322 0055 06       		.uleb128 0x6
 323 0056 34       		.uleb128 0x34
 324 0057 00       		.byte	0
 325 0058 03       		.uleb128 0x3
 326 0059 0E       		.uleb128 0xe
 327 005a 3A       		.uleb128 0x3a
 328 005b 0B       		.uleb128 0xb
 329 005c 3B       		.uleb128 0x3b
 330 005d 0B       		.uleb128 0xb
 331 005e 49       		.uleb128 0x49
 332 005f 13       		.uleb128 0x13
 333 0060 00       		.byte	0
 334 0061 00       		.byte	0
 335 0062 07       		.uleb128 0x7
 336 0063 898201   		.uleb128 0x4109
 337 0066 01       		.byte	0x1
 338 0067 11       		.uleb128 0x11
 339 0068 01       		.uleb128 0x1
 340 0069 31       		.uleb128 0x31
 341 006a 13       		.uleb128 0x13
 342 006b 01       		.uleb128 0x1
 343 006c 13       		.uleb128 0x13
 344 006d 00       		.byte	0
 345 006e 00       		.byte	0
 346 006f 08       		.uleb128 0x8
 347 0070 8A8201   		.uleb128 0x410a
 348 0073 00       		.byte	0
 349 0074 02       		.uleb128 0x2
 350 0075 18       		.uleb128 0x18
 351 0076 9142     		.uleb128 0x2111
 352 0078 18       		.uleb128 0x18
 353 0079 00       		.byte	0
 354 007a 00       		.byte	0
 355 007b 09       		.uleb128 0x9
 356 007c 898201   		.uleb128 0x4109
 357 007f 01       		.byte	0x1
 358 0080 11       		.uleb128 0x11
 359 0081 01       		.uleb128 0x1
 360 0082 31       		.uleb128 0x31
 361 0083 13       		.uleb128 0x13
 362 0084 00       		.byte	0
 363 0085 00       		.byte	0
 364 0086 0A       		.uleb128 0xa
 365 0087 34       		.uleb128 0x34
 366 0088 00       		.byte	0
 367 0089 03       		.uleb128 0x3
 368 008a 0E       		.uleb128 0xe
 369 008b 3A       		.uleb128 0x3a
 370 008c 0B       		.uleb128 0xb
 371 008d 3B       		.uleb128 0x3b
 372 008e 05       		.uleb128 0x5
 373 008f 49       		.uleb128 0x49
 374 0090 13       		.uleb128 0x13
 375 0091 3F       		.uleb128 0x3f
 376 0092 19       		.uleb128 0x19
ARM GAS  C:\Users\yurao\AppData\Local\Temp\cc9jpOVl.s 			page 8


 377 0093 3C       		.uleb128 0x3c
 378 0094 19       		.uleb128 0x19
 379 0095 00       		.byte	0
 380 0096 00       		.byte	0
 381 0097 0B       		.uleb128 0xb
 382 0098 35       		.uleb128 0x35
 383 0099 00       		.byte	0
 384 009a 49       		.uleb128 0x49
 385 009b 13       		.uleb128 0x13
 386 009c 00       		.byte	0
 387 009d 00       		.byte	0
 388 009e 0C       		.uleb128 0xc
 389 009f 2E       		.uleb128 0x2e
 390 00a0 00       		.byte	0
 391 00a1 3F       		.uleb128 0x3f
 392 00a2 19       		.uleb128 0x19
 393 00a3 3C       		.uleb128 0x3c
 394 00a4 19       		.uleb128 0x19
 395 00a5 6E       		.uleb128 0x6e
 396 00a6 0E       		.uleb128 0xe
 397 00a7 03       		.uleb128 0x3
 398 00a8 0E       		.uleb128 0xe
 399 00a9 3A       		.uleb128 0x3a
 400 00aa 0B       		.uleb128 0xb
 401 00ab 3B       		.uleb128 0x3b
 402 00ac 0B       		.uleb128 0xb
 403 00ad 00       		.byte	0
 404 00ae 00       		.byte	0
 405 00af 00       		.byte	0
 406              		.section	.debug_aranges,"",%progbits
 407 0000 1C000000 		.4byte	0x1c
 408 0004 0200     		.2byte	0x2
 409 0006 00000000 		.4byte	.Ldebug_info0
 410 000a 04       		.byte	0x4
 411 000b 00       		.byte	0
 412 000c 0000     		.2byte	0
 413 000e 0000     		.2byte	0
 414 0010 00000000 		.4byte	.LFB63
 415 0014 1C000000 		.4byte	.LFE63-.LFB63
 416 0018 00000000 		.4byte	0
 417 001c 00000000 		.4byte	0
 418              		.section	.debug_ranges,"",%progbits
 419              	.Ldebug_ranges0:
 420 0000 00000000 		.4byte	.LFB63
 421 0004 1C000000 		.4byte	.LFE63
 422 0008 00000000 		.4byte	0
 423 000c 00000000 		.4byte	0
 424              		.section	.debug_line,"",%progbits
 425              	.Ldebug_line0:
 426 0000 68010000 		.section	.debug_str,"MS",%progbits,1
 426      02003F01 
 426      00000201 
 426      FB0E0D00 
 426      01010101 
 427              	.LASF8:
 428 0000 6C6F6E67 		.ascii	"long long int\000"
 428      206C6F6E 
ARM GAS  C:\Users\yurao\AppData\Local\Temp\cc9jpOVl.s 			page 9


 428      6720696E 
 428      7400
 429              	.LASF3:
 430 000e 73686F72 		.ascii	"short unsigned int\000"
 430      7420756E 
 430      7369676E 
 430      65642069 
 430      6E7400
 431              	.LASF10:
 432 0021 756E7369 		.ascii	"unsigned int\000"
 432      676E6564 
 432      20696E74 
 432      00
 433              	.LASF18:
 434 002e 73766974 		.ascii	"svitlo\000"
 434      6C6F00
 435              	.LASF23:
 436 0035 6D61696E 		.ascii	"main.c\000"
 436      2E6300
 437              	.LASF6:
 438 003c 5F5F7569 		.ascii	"__uint32_t\000"
 438      6E743332 
 438      5F7400
 439              	.LASF22:
 440 0047 474E5520 		.ascii	"GNU C11 5.4.1 20160609 (release) [ARM/embedded-5-br"
 440      43313120 
 440      352E342E 
 440      31203230 
 440      31363036 
 441 007a 616E6368 		.ascii	"anch revision 237715] -mcpu=cortex-m3 -mthumb -g -O"
 441      20726576 
 441      6973696F 
 441      6E203233 
 441      37373135 
 442 00ad 67202D66 		.ascii	"g -ffunction-sections -ffat-lto-objects\000"
 442      66756E63 
 442      74696F6E 
 442      2D736563 
 442      74696F6E 
 443              	.LASF21:
 444 00d5 43794465 		.ascii	"CyDelay\000"
 444      6C617900 
 445              	.LASF7:
 446 00dd 6C6F6E67 		.ascii	"long unsigned int\000"
 446      20756E73 
 446      69676E65 
 446      6420696E 
 446      7400
 447              	.LASF9:
 448 00ef 6C6F6E67 		.ascii	"long long unsigned int\000"
 448      206C6F6E 
 448      6720756E 
 448      7369676E 
 448      65642069 
 449              	.LASF1:
 450 0106 756E7369 		.ascii	"unsigned char\000"
 450      676E6564 
ARM GAS  C:\Users\yurao\AppData\Local\Temp\cc9jpOVl.s 			page 10


 450      20636861 
 450      7200
 451              	.LASF20:
 452 0114 50696E5F 		.ascii	"Pin_1_Write\000"
 452      315F5772 
 452      69746500 
 453              	.LASF15:
 454 0120 63686172 		.ascii	"char\000"
 454      00
 455              	.LASF12:
 456 0125 75696E74 		.ascii	"uint32_t\000"
 456      33325F74 
 456      00
 457              	.LASF4:
 458 012e 6C6F6E67 		.ascii	"long int\000"
 458      20696E74 
 458      00
 459              	.LASF24:
 460 0137 463A5C70 		.ascii	"F:\\progekt\\Workspace01\\ppaz_lab_1.cydsn\000"
 460      726F6765 
 460      6B745C57 
 460      6F726B73 
 460      70616365 
 461              	.LASF14:
 462 015f 646F7562 		.ascii	"double\000"
 462      6C6500
 463              	.LASF26:
 464 0166 49544D5F 		.ascii	"ITM_RxBuffer\000"
 464      52784275 
 464      66666572 
 464      00
 465              	.LASF0:
 466 0173 7369676E 		.ascii	"signed char\000"
 466      65642063 
 466      68617200 
 467              	.LASF17:
 468 017f 6C6F6E67 		.ascii	"long double\000"
 468      20646F75 
 468      626C6500 
 469              	.LASF5:
 470 018b 5F5F696E 		.ascii	"__int32_t\000"
 470      7433325F 
 470      7400
 471              	.LASF25:
 472 0195 6D61696E 		.ascii	"main\000"
 472      00
 473              	.LASF13:
 474 019a 666C6F61 		.ascii	"float\000"
 474      7400
 475              	.LASF2:
 476 01a0 73686F72 		.ascii	"short int\000"
 476      7420696E 
 476      7400
 477              	.LASF11:
 478 01aa 696E7433 		.ascii	"int32_t\000"
 478      325F7400 
 479              	.LASF19:
ARM GAS  C:\Users\yurao\AppData\Local\Temp\cc9jpOVl.s 			page 11


 480 01b2 70657269 		.ascii	"period\000"
 480      6F6400
 481              	.LASF16:
 482 01b9 73697A65 		.ascii	"sizetype\000"
 482      74797065 
 482      00
 483              		.ident	"GCC: (GNU Tools for ARM Embedded Processors) 5.4.1 20160609 (release) [ARM/embedded-5-bran
